0 info it worked if it ends with ok
1 verbose cli [
1 verbose cli   '/usr/local/bin/node',
1 verbose cli   '/Users/quellenrodrigues/.npm-global/bin/npm',
1 verbose cli   '--prefix',
1 verbose cli   '/Users/quellenrodrigues/Downloads/metodistaapp/functions',
1 verbose cli   'run',
1 verbose cli   'build'
1 verbose cli ]
2 info using npm@3.10.10
3 info using node@v16.14.2
4 verbose run-script [ 'prebuild', 'build', 'postbuild' ]
5 info lifecycle functions@~prebuild: functions@
6 silly lifecycle functions@~prebuild: no script for prebuild, continuing
7 info lifecycle functions@~build: functions@
8 verbose lifecycle functions@~build: unsafe-perm in lifecycle true
9 verbose lifecycle functions@~build: PATH: /Users/quellenrodrigues/.npm-global/lib/node_modules/npm/bin/node-gyp-bin:/Users/quellenrodrigues/Downloads/metodistaapp/functions/node_modules/.bin:/Users/quellenrodrigues/.npm-global/bin:/Users/quellenrodrigues/.gem/bin:/Users/quellenrodrigues/Documents/flutter/bin:/usr/local/bin:/usr/bin:/bin:/usr/sbin:/sbin:/usr/local/go/bin:/usr/local/share/dotnet:~/.dotnet/tools:/Library/Apple/usr/bin:/Library/Frameworks/Mono.framework/Versions/Current/Commands:/Users/quellenrodrigues/go/bin:/Users/quellenrodrigues/.gem/bin:/Users/quellenrodrigues/Documents/flutter/bin:/usr/local/bin:/usr/bin:/bin:/usr/sbin:/sbin:/usr/local/go/bin:/usr/local/share/dotnet:~/.dotnet/tools:/Library/Apple/usr/bin:/Library/Frameworks/Mono.framework/Versions/Current/Commands:/Users/quellenrodrigues/.rvm/bin
10 verbose lifecycle functions@~build: CWD: /Users/quellenrodrigues/Downloads/metodistaapp/functions
11 silly lifecycle functions@~build: Args: [ '-c', 'tsc' ]
12 silly lifecycle functions@~build: Returned: code: 2  signal: null
13 info lifecycle functions@~build: Failed to exec build script
14 verbose stack Error: functions@ build: `tsc`
14 verbose stack Exit status 2
14 verbose stack     at EventEmitter.<anonymous> (/Users/quellenrodrigues/.npm-global/lib/node_modules/npm/lib/utils/lifecycle.js:255:16)
14 verbose stack     at EventEmitter.emit (node:events:526:28)
14 verbose stack     at ChildProcess.<anonymous> (/Users/quellenrodrigues/.npm-global/lib/node_modules/npm/lib/utils/spawn.js:40:14)
14 verbose stack     at ChildProcess.emit (node:events:526:28)
14 verbose stack     at maybeClose (node:internal/child_process:1092:16)
14 verbose stack     at Process.ChildProcess._handle.onexit (node:internal/child_process:302:5)
15 verbose pkgid functions@
16 verbose cwd /Users/quellenrodrigues/Downloads/metodistaapp
17 error Darwin 21.4.0
18 error argv "/usr/local/bin/node" "/Users/quellenrodrigues/.npm-global/bin/npm" "--prefix" "/Users/quellenrodrigues/Downloads/metodistaapp/functions" "run" "build"
19 error node v16.14.2
20 error npm  v3.10.10
21 error code ELIFECYCLE
22 error functions@ build: `tsc`
22 error Exit status 2
23 error Failed at the functions@ build script 'tsc'.
23 error Make sure you have the latest version of node.js and npm installed.
23 error If you do, this is most likely a problem with the functions package,
23 error not with npm itself.
23 error Tell the author that this fails on your system:
23 error     tsc
23 error You can get information on how to open an issue for this project with:
23 error     npm bugs functions
23 error Or if that isn't available, you can get their info via:
23 error     npm owner ls functions
23 error There is likely additional logging output above.
24 verbose exit [ 1, true ]
