[debug] [2022-08-04T12:17:29.122Z] ----------------------------------------------------------------------
[debug] [2022-08-04T12:17:29.122Z] Command:       /usr/local/bin/node /Users/quellenrodrigues/.npm-global/bin/firebase deploy --only functions
[debug] [2022-08-04T12:17:29.123Z] CLI Version:   10.7.1
[debug] [2022-08-04T12:17:29.123Z] Platform:      darwin
[debug] [2022-08-04T12:17:29.123Z] Node Version:  v16.14.2
[debug] [2022-08-04T12:17:29.127Z] Time:          Thu Aug 04 2022 09:17:29 GMT-0300 (Brasilia Standard Time)
[debug] [2022-08-04T12:17:29.127Z] ----------------------------------------------------------------------
[debug] 
[debug] [2022-08-04T12:17:29.156Z] > command requires scopes: ["email","openid","https://www.googleapis.com/auth/cloudplatformprojects.readonly","https://www.googleapis.com/auth/firebase","https://www.googleapis.com/auth/cloud-platform"]
[debug] [2022-08-04T12:17:29.156Z] > authorizing via signed-in user (aplicativocomp@gmail.com)
[debug] [2022-08-04T12:17:29.156Z] [iam] checking project metodista-842fa for permissions ["cloudfunctions.functions.create","cloudfunctions.functions.delete","cloudfunctions.functions.get","cloudfunctions.functions.list","cloudfunctions.functions.update","cloudfunctions.operations.get","firebase.projects.get"]
[debug] [2022-08-04T12:17:29.157Z] >>> [apiv2][query] POST https://cloudresourcemanager.googleapis.com/v1/projects/metodista-842fa:testIamPermissions [none]
[debug] [2022-08-04T12:17:29.158Z] >>> [apiv2][body] POST https://cloudresourcemanager.googleapis.com/v1/projects/metodista-842fa:testIamPermissions {"permissions":["cloudfunctions.functions.create","cloudfunctions.functions.delete","cloudfunctions.functions.get","cloudfunctions.functions.list","cloudfunctions.functions.update","cloudfunctions.operations.get","firebase.projects.get"]}
[debug] [2022-08-04T12:17:30.114Z] <<< [apiv2][status] POST https://cloudresourcemanager.googleapis.com/v1/projects/metodista-842fa:testIamPermissions 200
[debug] [2022-08-04T12:17:30.114Z] <<< [apiv2][body] POST https://cloudresourcemanager.googleapis.com/v1/projects/metodista-842fa:testIamPermissions {"permissions":["cloudfunctions.functions.create","cloudfunctions.functions.delete","cloudfunctions.functions.get","cloudfunctions.functions.list","cloudfunctions.functions.update","cloudfunctions.operations.get","firebase.projects.get"]}
[debug] [2022-08-04T12:17:30.114Z] >>> [apiv2][query] POST https://iam.googleapis.com/v1/projects/metodista-842fa/serviceAccounts/metodista-842fa@appspot.gserviceaccount.com:testIamPermissions [none]
[debug] [2022-08-04T12:17:30.115Z] >>> [apiv2][body] POST https://iam.googleapis.com/v1/projects/metodista-842fa/serviceAccounts/metodista-842fa@appspot.gserviceaccount.com:testIamPermissions {"permissions":["iam.serviceAccounts.actAs"]}
[debug] [2022-08-04T12:17:30.991Z] <<< [apiv2][status] POST https://iam.googleapis.com/v1/projects/metodista-842fa/serviceAccounts/metodista-842fa@appspot.gserviceaccount.com:testIamPermissions 200
[debug] [2022-08-04T12:17:30.991Z] <<< [apiv2][body] POST https://iam.googleapis.com/v1/projects/metodista-842fa/serviceAccounts/metodista-842fa@appspot.gserviceaccount.com:testIamPermissions {"permissions":["iam.serviceAccounts.actAs"]}
[info] 
[info] === Deploying to 'metodista-842fa'...
[info] 
[info] i  deploying functions 
[debug] [2022-08-04T12:17:30.994Z] >>> [apiv2][query] GET https://firebase.googleapis.com/v1beta1/projects/metodista-842fa [none]
[debug] [2022-08-04T12:17:31.410Z] <<< [apiv2][status] GET https://firebase.googleapis.com/v1beta1/projects/metodista-842fa 200
[debug] [2022-08-04T12:17:31.410Z] <<< [apiv2][body] GET https://firebase.googleapis.com/v1beta1/projects/metodista-842fa {"projectId":"metodista-842fa","projectNumber":"274659330068","displayName":"Metodista","name":"projects/metodista-842fa","resources":{"hostingSite":"metodista-842fa","storageBucket":"metodista-842fa.appspot.com","locationId":"us-central"},"state":"ACTIVE","etag":"1_a8ab2b01-3a4f-48f1-a65a-c4d2439bda56"}
[info] i  functions: ensuring required API cloudfunctions.googleapis.com is enabled... 
[info] i  functions: ensuring required API cloudbuild.googleapis.com is enabled... 
[debug] [2022-08-04T12:17:31.412Z] >>> [apiv2][query] GET https://serviceusage.googleapis.com/v1/projects/metodista-842fa/services/cloudfunctions.googleapis.com [none]
[debug] [2022-08-04T12:17:31.414Z] >>> [apiv2][query] GET https://serviceusage.googleapis.com/v1/projects/metodista-842fa/services/runtimeconfig.googleapis.com [none]
[debug] [2022-08-04T12:17:31.415Z] >>> [apiv2][query] GET https://serviceusage.googleapis.com/v1/projects/metodista-842fa/services/cloudbuild.googleapis.com [none]
[debug] [2022-08-04T12:17:31.416Z] >>> [apiv2][query] GET https://serviceusage.googleapis.com/v1/projects/metodista-842fa/services/artifactregistry.googleapis.com [none]
[debug] [2022-08-04T12:17:32.490Z] <<< [apiv2][status] GET https://serviceusage.googleapis.com/v1/projects/metodista-842fa/services/artifactregistry.googleapis.com 200
[debug] [2022-08-04T12:17:32.490Z] <<< [apiv2][body] GET https://serviceusage.googleapis.com/v1/projects/metodista-842fa/services/artifactregistry.googleapis.com [omitted]
[debug] [2022-08-04T12:17:32.491Z] <<< [apiv2][status] GET https://serviceusage.googleapis.com/v1/projects/metodista-842fa/services/runtimeconfig.googleapis.com 200
[debug] [2022-08-04T12:17:32.491Z] <<< [apiv2][body] GET https://serviceusage.googleapis.com/v1/projects/metodista-842fa/services/runtimeconfig.googleapis.com [omitted]
[debug] [2022-08-04T12:17:32.492Z] <<< [apiv2][status] GET https://serviceusage.googleapis.com/v1/projects/metodista-842fa/services/cloudbuild.googleapis.com 200
[debug] [2022-08-04T12:17:32.493Z] <<< [apiv2][body] GET https://serviceusage.googleapis.com/v1/projects/metodista-842fa/services/cloudbuild.googleapis.com [omitted]
[info] ✔  functions: required API cloudbuild.googleapis.com is enabled 
[debug] [2022-08-04T12:17:32.544Z] <<< [apiv2][status] GET https://serviceusage.googleapis.com/v1/projects/metodista-842fa/services/cloudfunctions.googleapis.com 200
[debug] [2022-08-04T12:17:32.544Z] <<< [apiv2][body] GET https://serviceusage.googleapis.com/v1/projects/metodista-842fa/services/cloudfunctions.googleapis.com [omitted]
[info] ✔  functions: required API cloudfunctions.googleapis.com is enabled 
[debug] [2022-08-04T12:17:32.544Z] >>> [apiv2][query] GET https://firebase.googleapis.com/v1beta1/projects/metodista-842fa/adminSdkConfig [none]
[debug] [2022-08-04T12:17:33.039Z] <<< [apiv2][status] GET https://firebase.googleapis.com/v1beta1/projects/metodista-842fa/adminSdkConfig 200
[debug] [2022-08-04T12:17:33.039Z] <<< [apiv2][body] GET https://firebase.googleapis.com/v1beta1/projects/metodista-842fa/adminSdkConfig {"projectId":"metodista-842fa","storageBucket":"metodista-842fa.appspot.com","locationId":"us-central"}
[debug] [2022-08-04T12:17:33.040Z] >>> [apiv2][query] GET https://runtimeconfig.googleapis.com/v1beta1/projects/metodista-842fa/configs [none]
[debug] [2022-08-04T12:17:34.163Z] <<< [apiv2][status] GET https://runtimeconfig.googleapis.com/v1beta1/projects/metodista-842fa/configs 200
[debug] [2022-08-04T12:17:34.164Z] <<< [apiv2][body] GET https://runtimeconfig.googleapis.com/v1beta1/projects/metodista-842fa/configs {}
[info] i  functions: preparing codebase default for deployment 
[debug] [2022-08-04T12:17:34.167Z] Validating nodejs source
[warn] ⚠  functions: package.json indicates an outdated version of firebase-functions. Please upgrade using npm install --save firebase-functions@latest in your functions directory. 
[debug] [2022-08-04T12:17:34.967Z] > [functions] package.json contents: {
  "name": "functions",
  "description": "Cloud Functions for Firebase",
  "scripts": {
    "serve": "firebase emulators:start --only functions",
    "shell": "firebase functions:shell",
    "start": "npm run shell",
    "deploy": "firebase deploy --only functions",
    "logs": "firebase functions:log"
  },
  "engines": {
    "node": "16"
  },
  "main": "index.js",
  "dependencies": {
    "firebase-admin": "^10.0.2",
    "firebase-functions": "^3.18.0"
  },
  "devDependencies": {
    "firebase-functions-test": "^0.2.0"
  },
  "private": true
}
[debug] [2022-08-04T12:17:34.967Z] Building nodejs source
[debug] [2022-08-04T12:17:34.967Z] Analyzing nodejs backend spec
[info] i  functions: preparing functions directory for uploading... 
[info] i  functions: packaged /Users/quellenrodrigues/Documents/Metodista/metodistaapp/functions (55.71 KB) for uploading 
[debug] [2022-08-04T12:17:35.161Z] >>> [apiv2][query] GET https://cloudfunctions.googleapis.com/v1/projects/metodista-842fa/locations/-/functions [none]
[debug] [2022-08-04T12:17:38.054Z] <<< [apiv2][status] GET https://cloudfunctions.googleapis.com/v1/projects/metodista-842fa/locations/-/functions 200
[debug] [2022-08-04T12:17:38.054Z] <<< [apiv2][body] GET https://cloudfunctions.googleapis.com/v1/projects/metodista-842fa/locations/-/functions {"functions":[{"name":"projects/metodista-842fa/locations/us-central1/functions/atividade","httpsTrigger":{"url":"https://us-central1-metodista-842fa.cloudfunctions.net/atividade","securityLevel":"SECURE_ALWAYS"},"status":"ACTIVE","entryPoint":"atividade","timeout":"60s","availableMemoryMb":256,"serviceAccountEmail":"metodista-842fa@appspot.gserviceaccount.com","updateTime":"2022-08-04T12:11:34.994Z","versionId":"3","labels":{"deployment-tool":"cli-firebase"},"sourceUploadUrl":"https://storage.googleapis.com/uploads-820567840678.us-central1.cloudfunctions.appspot.com/f04b4353-5276-4ac5-b772-fa6993cf3cc1.zip","environmentVariables":{"FIREBASE_CONFIG":"{\"projectId\":\"metodista-842fa\",\"storageBucket\":\"metodista-842fa.appspot.com\",\"locationId\":\"us-central\"}","GCLOUD_PROJECT":"metodista-842fa"},"runtime":"nodejs16","ingressSettings":"ALLOW_ALL","buildId":"8aafcc8f-f234-4e0b-b773-3a3a4b8c8e45","buildName":"projects/274659330068/locations/us-central1/builds/8aafcc8f-f234-4e0b-b773-3a3a4b8c8e45","dockerRegistry":"CONTAINER_REGISTRY"},{"name":"projects/metodista-842fa/locations/us-central1/functions/bilhetes","httpsTrigger":{"url":"https://us-central1-metodista-842fa.cloudfunctions.net/bilhetes","securityLevel":"SECURE_ALWAYS"},"status":"ACTIVE","entryPoint":"bilhetes","timeout":"60s","availableMemoryMb":256,"serviceAccountEmail":"metodista-842fa@appspot.gserviceaccount.com","updateTime":"2022-08-04T12:11:37.066Z","versionId":"3","labels":{"deployment-tool":"cli-firebase"},"sourceUploadUrl":"https://storage.googleapis.com/uploads-820567840678.us-central1.cloudfunctions.appspot.com/f04b4353-5276-4ac5-b772-fa6993cf3cc1.zip","environmentVariables":{"FIREBASE_CONFIG":"{\"projectId\":\"metodista-842fa\",\"storageBucket\":\"metodista-842fa.appspot.com\",\"locationId\":\"us-central\"}","GCLOUD_PROJECT":"metodista-842fa"},"runtime":"nodejs16","ingressSettings":"ALLOW_ALL","buildId":"8aafcc8f-f234-4e0b-b773-3a3a4b8c8e45","buildName":"projects/274659330068/locations/us-central1/builds/8aafcc8f-f234-4e0b-b773-3a3a4b8c8e45","dockerRegistry":"CONTAINER_REGISTRY"},{"name":"projects/metodista-842fa/locations/us-central1/functions/boletim","httpsTrigger":{"url":"https://us-central1-metodista-842fa.cloudfunctions.net/boletim","securityLevel":"SECURE_ALWAYS"},"status":"ACTIVE","entryPoint":"boletim","timeout":"60s","availableMemoryMb":256,"serviceAccountEmail":"metodista-842fa@appspot.gserviceaccount.com","updateTime":"2022-08-04T12:11:35.586Z","versionId":"3","labels":{"deployment-tool":"cli-firebase"},"sourceUploadUrl":"https://storage.googleapis.com/uploads-820567840678.us-central1.cloudfunctions.appspot.com/f04b4353-5276-4ac5-b772-fa6993cf3cc1.zip","environmentVariables":{"FIREBASE_CONFIG":"{\"projectId\":\"metodista-842fa\",\"storageBucket\":\"metodista-842fa.appspot.com\",\"locationId\":\"us-central\"}","GCLOUD_PROJECT":"metodista-842fa"},"runtime":"nodejs16","ingressSettings":"ALLOW_ALL","buildId":"8aafcc8f-f234-4e0b-b773-3a3a4b8c8e45","buildName":"projects/274659330068/locations/us-central1/builds/8aafcc8f-f234-4e0b-b773-3a3a4b8c8e45","dockerRegistry":"CONTAINER_REGISTRY"},{"name":"projects/metodista-842fa/locations/us-central1/functions/boletimupdate","httpsTrigger":{"url":"https://us-central1-metodista-842fa.cloudfunctions.net/boletimupdate","securityLevel":"SECURE_ALWAYS"},"status":"ACTIVE","entryPoint":"boletimupdate","timeout":"60s","availableMemoryMb":256,"serviceAccountEmail":"metodista-842fa@appspot.gserviceaccount.com","updateTime":"2022-08-04T12:11:38.765Z","versionId":"3","labels":{"deployment-tool":"cli-firebase"},"sourceUploadUrl":"https://storage.googleapis.com/uploads-820567840678.us-central1.cloudfunctions.appspot.com/f04b4353-5276-4ac5-b772-fa6993cf3cc1.zip","environmentVariables":{"FIREBASE_CONFIG":"{\"projectId\":\"metodista-842fa\",\"storageBucket\":\"metodista-842fa.appspot.com\",\"locationId\":\"us-central\"}","GCLOUD_PROJECT":"metodista-842fa"},"runtime":"nodejs16","ingressSettings":"ALLOW_ALL","buildId":"8aafcc8f-f234-4e0b-b773-3a3a4b8c8e45","buildName":"projects/274659330068/locations/us-central1/builds/8aafcc8f-f234-4e0b-b773-3a3a4b8c8e45","dockerRegistry":"CONTAINER_REGISTRY"},{"name":"projects/metodista-842fa/locations/us-central1/functions/devocional","httpsTrigger":{"url":"https://us-central1-metodista-842fa.cloudfunctions.net/devocional","securityLevel":"SECURE_ALWAYS"},"status":"ACTIVE","entryPoint":"devocional","timeout":"60s","availableMemoryMb":256,"serviceAccountEmail":"metodista-842fa@appspot.gserviceaccount.com","updateTime":"2022-08-04T12:11:36.196Z","versionId":"3","labels":{"deployment-tool":"cli-firebase"},"sourceUploadUrl":"https://storage.googleapis.com/uploads-820567840678.us-central1.cloudfunctions.appspot.com/f04b4353-5276-4ac5-b772-fa6993cf3cc1.zip","environmentVariables":{"FIREBASE_CONFIG":"{\"projectId\":\"metodista-842fa\",\"storageBucket\":\"metodista-842fa.appspot.com\",\"locationId\":\"us-central\"}","GCLOUD_PROJECT":"metodista-842fa"},"runtime":"nodejs16","ingressSettings":"ALLOW_ALL","buildId":"8aafcc8f-f234-4e0b-b773-3a3a4b8c8e45","buildName":"projects/274659330068/locations/us-central1/builds/8aafcc8f-f234-4e0b-b773-3a3a4b8c8e45","dockerRegistry":"CONTAINER_REGISTRY"},{"name":"projects/metodista-842fa/locations/us-central1/functions/documento","httpsTrigger":{"url":"https://us-central1-metodista-842fa.cloudfunctions.net/documento","securityLevel":"SECURE_ALWAYS"},"status":"ACTIVE","entryPoint":"documento","timeout":"60s","availableMemoryMb":256,"serviceAccountEmail":"metodista-842fa@appspot.gserviceaccount.com","updateTime":"2022-08-04T12:11:37.030Z","versionId":"3","labels":{"deployment-tool":"cli-firebase"},"sourceUploadUrl":"https://storage.googleapis.com/uploads-820567840678.us-central1.cloudfunctions.appspot.com/f04b4353-5276-4ac5-b772-fa6993cf3cc1.zip","environmentVariables":{"FIREBASE_CONFIG":"{\"projectId\":\"metodista-842fa\",\"storageBucket\":\"metodista-842fa.appspot.com\",\"locationId\":\"us-central\"}","GCLOUD_PROJECT":"metodista-842fa"},"runtime":"nodejs16","ingressSettings":"ALLOW_ALL","buildId":"8aafcc8f-f234-4e0b-b773-3a3a4b8c8e45","buildName":"projects/274659330068/locations/us-central1/builds/8aafcc8f-f234-4e0b-b773-3a3a4b8c8e45","dockerRegistry":"CONTAINER_REGISTRY"},{"name":"projects/metodista-842fa/locations/us-central1/functions/documentos","httpsTrigger":{"url":"https://us-central1-metodista-842fa.cloudfunctions.net/documentos","securityLevel":"SECURE_ALWAYS"},"status":"ACTIVE","entryPoint":"documentos","timeout":"60s","availableMemoryMb":256,"serviceAccountEmail":"metodista-842fa@appspot.gserviceaccount.com","updateTime":"2022-08-04T12:11:38.743Z","versionId":"3","labels":{"deployment-tool":"cli-firebase"},"sourceUploadUrl":"https://storage.googleapis.com/uploads-820567840678.us-central1.cloudfunctions.appspot.com/f04b4353-5276-4ac5-b772-fa6993cf3cc1.zip","environmentVariables":{"FIREBASE_CONFIG":"{\"projectId\":\"metodista-842fa\",\"storageBucket\":\"metodista-842fa.appspot.com\",\"locationId\":\"us-central\"}","GCLOUD_PROJECT":"metodista-842fa"},"runtime":"nodejs16","ingressSettings":"ALLOW_ALL","buildId":"8aafcc8f-f234-4e0b-b773-3a3a4b8c8e45","buildName":"projects/274659330068/locations/us-central1/builds/8aafcc8f-f234-4e0b-b773-3a3a4b8c8e45","dockerRegistry":"CONTAINER_REGISTRY"},{"name":"projects/metodista-842fa/locations/us-central1/functions/escalas","httpsTrigger":{"url":"https://us-central1-metodista-842fa.cloudfunctions.net/escalas","securityLevel":"SECURE_ALWAYS"},"status":"ACTIVE","entryPoint":"escalas","timeout":"60s","availableMemoryMb":256,"serviceAccountEmail":"metodista-842fa@appspot.gserviceaccount.com","updateTime":"2022-08-04T12:11:38.004Z","versionId":"3","labels":{"deployment-tool":"cli-firebase"},"sourceUploadUrl":"https://storage.googleapis.com/uploads-820567840678.us-central1.cloudfunctions.appspot.com/f04b4353-5276-4ac5-b772-fa6993cf3cc1.zip","environmentVariables":{"FIREBASE_CONFIG":"{\"projectId\":\"metodista-842fa\",\"storageBucket\":\"metodista-842fa.appspot.com\",\"locationId\":\"us-central\"}","GCLOUD_PROJECT":"metodista-842fa"},"runtime":"nodejs16","ingressSettings":"ALLOW_ALL","buildId":"8aafcc8f-f234-4e0b-b773-3a3a4b8c8e45","buildName":"projects/274659330068/locations/us-central1/builds/8aafcc8f-f234-4e0b-b773-3a3a4b8c8e45","dockerRegistry":"CONTAINER_REGISTRY"},{"name":"projects/metodista-842fa/locations/us-central1/functions/oracao","httpsTrigger":{"url":"https://us-central1-metodista-842fa.cloudfunctions.net/oracao","securityLevel":"SECURE_ALWAYS"},"status":"ACTIVE","entryPoint":"oracao","timeout":"60s","availableMemoryMb":256,"serviceAccountEmail":"metodista-842fa@appspot.gserviceaccount.com","updateTime":"2022-08-04T12:11:35.500Z","versionId":"3","labels":{"deployment-tool":"cli-firebase"},"sourceUploadUrl":"https://storage.googleapis.com/uploads-820567840678.us-central1.cloudfunctions.appspot.com/f04b4353-5276-4ac5-b772-fa6993cf3cc1.zip","environmentVariables":{"FIREBASE_CONFIG":"{\"projectId\":\"metodista-842fa\",\"storageBucket\":\"metodista-842fa.appspot.com\",\"locationId\":\"us-central\"}","GCLOUD_PROJECT":"metodista-842fa"},"runtime":"nodejs16","ingressSettings":"ALLOW_ALL","buildId":"8aafcc8f-f234-4e0b-b773-3a3a4b8c8e45","buildName":"projects/274659330068/locations/us-central1/builds/8aafcc8f-f234-4e0b-b773-3a3a4b8c8e45","dockerRegistry":"CONTAINER_REGISTRY"},{"name":"projects/metodista-842fa/locations/us-central1/functions/presenca","httpsTrigger":{"url":"https://us-central1-metodista-842fa.cloudfunctions.net/presenca","securityLevel":"SECURE_ALWAYS"},"status":"ACTIVE","entryPoint":"presenca","timeout":"60s","availableMemoryMb":256,"serviceAccountEmail":"metodista-842fa@appspot.gserviceaccount.com","updateTime":"2022-08-04T12:11:34.787Z","versionId":"3","labels":{"deployment-tool":"cli-firebase"},"sourceUploadUrl":"https://storage.googleapis.com/uploads-820567840678.us-central1.cloudfunctions.appspot.com/f04b4353-5276-4ac5-b772-fa6993cf3cc1.zip","environmentVariables":{"FIREBASE_CONFIG":"{\"projectId\":\"metodista-842fa\",\"storageBucket\":\"metodista-842fa.appspot.com\",\"locationId\":\"us-central\"}","GCLOUD_PROJECT":"metodista-842fa"},"runtime":"nodejs16","ingressSettings":"ALLOW_ALL","buildId":"8aafcc8f-f234-4e0b-b773-3a3a4b8c8e45","buildName":"projects/274659330068/locations/us-central1/builds/8aafcc8f-f234-4e0b-b773-3a3a4b8c8e45","dockerRegistry":"CONTAINER_REGISTRY"},{"name":"projects/metodista-842fa/locations/us-central1/functions/presencadelete","httpsTrigger":{"url":"https://us-central1-metodista-842fa.cloudfunctions.net/presencadelete","securityLevel":"SECURE_ALWAYS"},"status":"ACTIVE","entryPoint":"presencadelete","timeout":"60s","availableMemoryMb":256,"serviceAccountEmail":"metodista-842fa@appspot.gserviceaccount.com","updateTime":"2022-08-04T12:11:38.119Z","versionId":"3","labels":{"deployment-tool":"cli-firebase"},"sourceUploadUrl":"https://storage.googleapis.com/uploads-820567840678.us-central1.cloudfunctions.appspot.com/f04b4353-5276-4ac5-b772-fa6993cf3cc1.zip","environmentVariables":{"FIREBASE_CONFIG":"{\"projectId\":\"metodista-842fa\",\"storageBucket\":\"metodista-842fa.appspot.com\",\"locationId\":\"us-central\"}","GCLOUD_PROJECT":"metodista-842fa"},"runtime":"nodejs16","ingressSettings":"ALLOW_ALL","buildId":"8aafcc8f-f234-4e0b-b773-3a3a4b8c8e45","buildName":"projects/274659330068/locations/us-central1/builds/8aafcc8f-f234-4e0b-b773-3a3a4b8c8e45","dockerRegistry":"CONTAINER_REGISTRY"},{"name":"projects/metodista-842fa/locations/us-central1/functions/presencaget","httpsTrigger":{"url":"https://us-central1-metodista-842fa.cloudfunctions.net/presencaget","securityLevel":"SECURE_ALWAYS"},"status":"ACTIVE","entryPoint":"presencaget","timeout":"60s","availableMemoryMb":256,"serviceAccountEmail":"metodista-842fa@appspot.gserviceaccount.com","updateTime":"2022-08-04T12:11:34.751Z","versionId":"3","labels":{"deployment-tool":"cli-firebase"},"sourceUploadUrl":"https://storage.googleapis.com/uploads-820567840678.us-central1.cloudfunctions.appspot.com/f04b4353-5276-4ac5-b772-fa6993cf3cc1.zip","environmentVariables":{"FIREBASE_CONFIG":"{\"projectId\":\"metodista-842fa\",\"storageBucket\":\"metodista-842fa.appspot.com\",\"locationId\":\"us-central\"}","GCLOUD_PROJECT":"metodista-842fa"},"runtime":"nodejs16","ingressSettings":"ALLOW_ALL","buildId":"8aafcc8f-f234-4e0b-b773-3a3a4b8c8e45","buildName":"projects/274659330068/locations/us-central1/builds/8aafcc8f-f234-4e0b-b773-3a3a4b8c8e45","dockerRegistry":"CONTAINER_REGISTRY"},{"name":"projects/metodista-842fa/locations/us-central1/functions/testemunho","httpsTrigger":{"url":"https://us-central1-metodista-842fa.cloudfunctions.net/testemunho","securityLevel":"SECURE_ALWAYS"},"status":"ACTIVE","entryPoint":"testemunho","timeout":"60s","availableMemoryMb":256,"serviceAccountEmail":"metodista-842fa@appspot.gserviceaccount.com","updateTime":"2022-08-04T12:11:23.659Z","versionId":"3","labels":{"deployment-tool":"cli-firebase"},"sourceUploadUrl":"https://storage.googleapis.com/uploads-820567840678.us-central1.cloudfunctions.appspot.com/f04b4353-5276-4ac5-b772-fa6993cf3cc1.zip","environmentVariables":{"FIREBASE_CONFIG":"{\"projectId\":\"metodista-842fa\",\"storageBucket\":\"metodista-842fa.appspot.com\",\"locationId\":\"us-central\"}","GCLOUD_PROJECT":"metodista-842fa"},"runtime":"nodejs16","ingressSettings":"ALLOW_ALL","buildId":"8aafcc8f-f234-4e0b-b773-3a3a4b8c8e45","buildName":"projects/274659330068/locations/us-central1/builds/8aafcc8f-f234-4e0b-b773-3a3a4b8c8e45","dockerRegistry":"CONTAINER_REGISTRY"},{"name":"projects/metodista-842fa/locations/us-central1/functions/token","httpsTrigger":{"url":"https://us-central1-metodista-842fa.cloudfunctions.net/token","securityLevel":"SECURE_ALWAYS"},"status":"ACTIVE","entryPoint":"token","timeout":"60s","availableMemoryMb":256,"serviceAccountEmail":"metodista-842fa@appspot.gserviceaccount.com","updateTime":"2022-08-04T12:11:09.747Z","versionId":"1","labels":{"deployment-tool":"cli-firebase"},"sourceUploadUrl":"https://storage.googleapis.com/uploads-820567840678.us-central1.cloudfunctions.appspot.com/f04b4353-5276-4ac5-b772-fa6993cf3cc1.zip","environmentVariables":{"FIREBASE_CONFIG":"{\"projectId\":\"metodista-842fa\",\"storageBucket\":\"metodista-842fa.appspot.com\",\"locationId\":\"us-central\"}","GCLOUD_PROJECT":"metodista-842fa"},"runtime":"nodejs16","ingressSettings":"ALLOW_ALL","buildId":"33ee4a2e-3a65-46fe-a196-4b937de68126","buildName":"projects/274659330068/locations/us-central1/builds/33ee4a2e-3a65-46fe-a196-4b937de68126","dockerRegistry":"CONTAINER_REGISTRY"},{"name":"projects/metodista-842fa/locations/us-central1/functions/usuarios","httpsTrigger":{"url":"https://us-central1-metodista-842fa.cloudfunctions.net/usuarios","securityLevel":"SECURE_ALWAYS"},"status":"ACTIVE","entryPoint":"usuarios","timeout":"60s","availableMemoryMb":256,"serviceAccountEmail":"metodista-842fa@appspot.gserviceaccount.com","updateTime":"2022-08-04T12:11:36.256Z","versionId":"3","labels":{"deployment-tool":"cli-firebase"},"sourceUploadUrl":"https://storage.googleapis.com/uploads-820567840678.us-central1.cloudfunctions.appspot.com/f04b4353-5276-4ac5-b772-fa6993cf3cc1.zip","environmentVariables":{"FIREBASE_CONFIG":"{\"projectId\":\"metodista-842fa\",\"storageBucket\":\"metodista-842fa.appspot.com\",\"locationId\":\"us-central\"}","GCLOUD_PROJECT":"metodista-842fa"},"runtime":"nodejs16","ingressSettings":"ALLOW_ALL","buildId":"8aafcc8f-f234-4e0b-b773-3a3a4b8c8e45","buildName":"projects/274659330068/locations/us-central1/builds/8aafcc8f-f234-4e0b-b773-3a3a4b8c8e45","dockerRegistry":"CONTAINER_REGISTRY"}]}
[debug] [2022-08-04T12:17:38.058Z] >>> [apiv2][query] GET https://firebase.googleapis.com/v1beta1/projects/metodista-842fa [none]
[debug] [2022-08-04T12:17:38.548Z] <<< [apiv2][status] GET https://firebase.googleapis.com/v1beta1/projects/metodista-842fa 200
[debug] [2022-08-04T12:17:38.548Z] <<< [apiv2][body] GET https://firebase.googleapis.com/v1beta1/projects/metodista-842fa {"projectId":"metodista-842fa","projectNumber":"274659330068","displayName":"Metodista","name":"projects/metodista-842fa","resources":{"hostingSite":"metodista-842fa","storageBucket":"metodista-842fa.appspot.com","locationId":"us-central"},"state":"ACTIVE","etag":"1_a8ab2b01-3a4f-48f1-a65a-c4d2439bda56"}
[debug] [2022-08-04T12:17:38.548Z] >>> [apiv2][query] GET https://firebase.googleapis.com/v1beta1/projects/metodista-842fa [none]
[debug] [2022-08-04T12:17:39.795Z] <<< [apiv2][status] GET https://firebase.googleapis.com/v1beta1/projects/metodista-842fa 200
[debug] [2022-08-04T12:17:39.795Z] <<< [apiv2][body] GET https://firebase.googleapis.com/v1beta1/projects/metodista-842fa {"projectId":"metodista-842fa","projectNumber":"274659330068","displayName":"Metodista","name":"projects/metodista-842fa","resources":{"hostingSite":"metodista-842fa","storageBucket":"metodista-842fa.appspot.com","locationId":"us-central"},"state":"ACTIVE","etag":"1_a8ab2b01-3a4f-48f1-a65a-c4d2439bda56"}
[debug] [2022-08-04T12:17:39.796Z] >>> [apiv2][query] GET https://firebase.googleapis.com/v1beta1/projects/metodista-842fa [none]
[debug] [2022-08-04T12:17:40.307Z] <<< [apiv2][status] GET https://firebase.googleapis.com/v1beta1/projects/metodista-842fa 200
[debug] [2022-08-04T12:17:40.307Z] <<< [apiv2][body] GET https://firebase.googleapis.com/v1beta1/projects/metodista-842fa {"projectId":"metodista-842fa","projectNumber":"274659330068","displayName":"Metodista","name":"projects/metodista-842fa","resources":{"hostingSite":"metodista-842fa","storageBucket":"metodista-842fa.appspot.com","locationId":"us-central"},"state":"ACTIVE","etag":"1_a8ab2b01-3a4f-48f1-a65a-c4d2439bda56"}
[debug] [2022-08-04T12:17:40.308Z] >>> [apiv2][query] GET https://firebase.googleapis.com/v1beta1/projects/metodista-842fa [none]
[debug] [2022-08-04T12:17:40.763Z] <<< [apiv2][status] GET https://firebase.googleapis.com/v1beta1/projects/metodista-842fa 200
[debug] [2022-08-04T12:17:40.764Z] <<< [apiv2][body] GET https://firebase.googleapis.com/v1beta1/projects/metodista-842fa {"projectId":"metodista-842fa","projectNumber":"274659330068","displayName":"Metodista","name":"projects/metodista-842fa","resources":{"hostingSite":"metodista-842fa","storageBucket":"metodista-842fa.appspot.com","locationId":"us-central"},"state":"ACTIVE","etag":"1_a8ab2b01-3a4f-48f1-a65a-c4d2439bda56"}
[debug] [2022-08-04T12:17:40.765Z] >>> [apiv2][query] GET https://firebase.googleapis.com/v1beta1/projects/metodista-842fa [none]
[debug] [2022-08-04T12:17:41.231Z] <<< [apiv2][status] GET https://firebase.googleapis.com/v1beta1/projects/metodista-842fa 200
[debug] [2022-08-04T12:17:41.231Z] <<< [apiv2][body] GET https://firebase.googleapis.com/v1beta1/projects/metodista-842fa {"projectId":"metodista-842fa","projectNumber":"274659330068","displayName":"Metodista","name":"projects/metodista-842fa","resources":{"hostingSite":"metodista-842fa","storageBucket":"metodista-842fa.appspot.com","locationId":"us-central"},"state":"ACTIVE","etag":"1_a8ab2b01-3a4f-48f1-a65a-c4d2439bda56"}
[debug] [2022-08-04T12:17:41.231Z] >>> [apiv2][query] GET https://firebase.googleapis.com/v1beta1/projects/metodista-842fa [none]
[debug] [2022-08-04T12:17:41.937Z] <<< [apiv2][status] GET https://firebase.googleapis.com/v1beta1/projects/metodista-842fa 200
[debug] [2022-08-04T12:17:41.938Z] <<< [apiv2][body] GET https://firebase.googleapis.com/v1beta1/projects/metodista-842fa {"projectId":"metodista-842fa","projectNumber":"274659330068","displayName":"Metodista","name":"projects/metodista-842fa","resources":{"hostingSite":"metodista-842fa","storageBucket":"metodista-842fa.appspot.com","locationId":"us-central"},"state":"ACTIVE","etag":"1_a8ab2b01-3a4f-48f1-a65a-c4d2439bda56"}
[debug] [2022-08-04T12:17:41.938Z] >>> [apiv2][query] GET https://firebase.googleapis.com/v1beta1/projects/metodista-842fa [none]
[debug] [2022-08-04T12:17:42.458Z] <<< [apiv2][status] GET https://firebase.googleapis.com/v1beta1/projects/metodista-842fa 200
[debug] [2022-08-04T12:17:42.458Z] <<< [apiv2][body] GET https://firebase.googleapis.com/v1beta1/projects/metodista-842fa {"projectId":"metodista-842fa","projectNumber":"274659330068","displayName":"Metodista","name":"projects/metodista-842fa","resources":{"hostingSite":"metodista-842fa","storageBucket":"metodista-842fa.appspot.com","locationId":"us-central"},"state":"ACTIVE","etag":"1_a8ab2b01-3a4f-48f1-a65a-c4d2439bda56"}
[debug] [2022-08-04T12:17:42.459Z] >>> [apiv2][query] GET https://firebase.googleapis.com/v1beta1/projects/metodista-842fa [none]
[debug] [2022-08-04T22:31:11.196Z] ----------------------------------------------------------------------
[debug] [2022-08-04T22:31:11.196Z] Command:       /usr/local/bin/node /Users/quellenrodrigues/.npm-global/bin/firebase deploy --only functions
[debug] [2022-08-04T22:31:11.197Z] CLI Version:   10.7.1
[debug] [2022-08-04T22:31:11.197Z] Platform:      darwin
[debug] [2022-08-04T22:31:11.197Z] Node Version:  v16.14.2
[debug] [2022-08-04T22:31:11.200Z] Time:          Thu Aug 04 2022 19:31:11 GMT-0300 (Brasilia Standard Time)
[debug] [2022-08-04T22:31:11.200Z] ----------------------------------------------------------------------
[debug] 
[debug] [2022-08-04T22:31:11.202Z] >>> [apiv2][query] GET https://firebase-public.firebaseio.com/cli.json [none]
[debug] [2022-08-04T22:31:11.238Z] > command requires scopes: ["email","openid","https://www.googleapis.com/auth/cloudplatformprojects.readonly","https://www.googleapis.com/auth/firebase","https://www.googleapis.com/auth/cloud-platform"]
[debug] [2022-08-04T22:31:11.238Z] > authorizing via signed-in user (aplicativocomp@gmail.com)
[debug] [2022-08-04T22:31:11.238Z] [iam] checking project metodista-842fa for permissions ["cloudfunctions.functions.create","cloudfunctions.functions.delete","cloudfunctions.functions.get","cloudfunctions.functions.list","cloudfunctions.functions.update","cloudfunctions.operations.get","firebase.projects.get"]
[debug] [2022-08-04T22:31:11.239Z] > refreshing access token with scopes: []
[debug] [2022-08-04T22:31:11.239Z] >>> HTTP REQUEST POST https://www.googleapis.com/oauth2/v3/token  
 <request body omitted>
[debug] [2022-08-04T22:31:11.454Z] <<< HTTP RESPONSE 200 {"expires":"Mon, 01 Jan 1990 00:00:00 GMT","date":"Thu, 04 Aug 2022 22:31:11 GMT","pragma":"no-cache","cache-control":"no-cache, no-store, max-age=0, must-revalidate","content-type":"application/json; charset=utf-8","vary":"X-Origin, Referer, Origin,Accept-Encoding","server":"scaffolding on HTTPServer2","x-xss-protection":"0","x-frame-options":"SAMEORIGIN","x-content-type-options":"nosniff","alt-svc":"h3=\":443\"; ma=2592000,h3-29=\":443\"; ma=2592000,h3-Q050=\":443\"; ma=2592000,h3-Q046=\":443\"; ma=2592000,h3-Q043=\":443\"; ma=2592000,quic=\":443\"; ma=2592000; v=\"46,43\"","accept-ranges":"none","transfer-encoding":"chunked"}
[debug] [2022-08-04T22:31:11.500Z] >>> [apiv2][query] POST https://cloudresourcemanager.googleapis.com/v1/projects/metodista-842fa:testIamPermissions [none]
[debug] [2022-08-04T22:31:11.501Z] >>> [apiv2][body] POST https://cloudresourcemanager.googleapis.com/v1/projects/metodista-842fa:testIamPermissions {"permissions":["cloudfunctions.functions.create","cloudfunctions.functions.delete","cloudfunctions.functions.get","cloudfunctions.functions.list","cloudfunctions.functions.update","cloudfunctions.operations.get","firebase.projects.get"]}
[debug] [2022-08-04T22:31:11.665Z] <<< [apiv2][status] GET https://firebase-public.firebaseio.com/cli.json 200
[debug] [2022-08-04T22:31:11.665Z] <<< [apiv2][body] GET https://firebase-public.firebaseio.com/cli.json {"cloudBuildErrorAfter":1594252800000,"cloudBuildWarnAfter":1590019200000,"defaultNode10After":1594252800000,"minVersion":"3.0.5","node8DeploysDisabledAfter":1613390400000,"node8RuntimeDisabledAfter":1615809600000,"node8WarnAfter":1600128000000}
[debug] [2022-08-04T22:31:12.560Z] <<< [apiv2][status] POST https://cloudresourcemanager.googleapis.com/v1/projects/metodista-842fa:testIamPermissions 200
[debug] [2022-08-04T22:31:12.560Z] <<< [apiv2][body] POST https://cloudresourcemanager.googleapis.com/v1/projects/metodista-842fa:testIamPermissions {"permissions":["cloudfunctions.functions.create","cloudfunctions.functions.delete","cloudfunctions.functions.get","cloudfunctions.functions.list","cloudfunctions.functions.update","cloudfunctions.operations.get","firebase.projects.get"]}
[debug] [2022-08-04T22:31:12.561Z] >>> [apiv2][query] POST https://iam.googleapis.com/v1/projects/metodista-842fa/serviceAccounts/metodista-842fa@appspot.gserviceaccount.com:testIamPermissions [none]
[debug] [2022-08-04T22:31:12.561Z] >>> [apiv2][body] POST https://iam.googleapis.com/v1/projects/metodista-842fa/serviceAccounts/metodista-842fa@appspot.gserviceaccount.com:testIamPermissions {"permissions":["iam.serviceAccounts.actAs"]}
[debug] [2022-08-04T22:31:13.499Z] <<< [apiv2][status] POST https://iam.googleapis.com/v1/projects/metodista-842fa/serviceAccounts/metodista-842fa@appspot.gserviceaccount.com:testIamPermissions 200
[debug] [2022-08-04T22:31:13.499Z] <<< [apiv2][body] POST https://iam.googleapis.com/v1/projects/metodista-842fa/serviceAccounts/metodista-842fa@appspot.gserviceaccount.com:testIamPermissions {"permissions":["iam.serviceAccounts.actAs"]}
[info] 
[info] === Deploying to 'metodista-842fa'...
[info] 
[info] i  deploying functions 
[debug] [2022-08-04T22:31:13.504Z] >>> [apiv2][query] GET https://firebase.googleapis.com/v1beta1/projects/metodista-842fa [none]
[debug] [2022-08-04T22:31:13.981Z] <<< [apiv2][status] GET https://firebase.googleapis.com/v1beta1/projects/metodista-842fa 200
[debug] [2022-08-04T22:31:13.981Z] <<< [apiv2][body] GET https://firebase.googleapis.com/v1beta1/projects/metodista-842fa {"projectId":"metodista-842fa","projectNumber":"274659330068","displayName":"Metodista","name":"projects/metodista-842fa","resources":{"hostingSite":"metodista-842fa","storageBucket":"metodista-842fa.appspot.com","locationId":"us-central"},"state":"ACTIVE","etag":"1_a6df6a3e-df7e-4c1b-a82c-2c2ca92c5313"}
[info] i  functions: ensuring required API cloudfunctions.googleapis.com is enabled... 
[info] i  functions: ensuring required API cloudbuild.googleapis.com is enabled... 
[debug] [2022-08-04T22:31:13.983Z] >>> [apiv2][query] GET https://serviceusage.googleapis.com/v1/projects/metodista-842fa/services/cloudfunctions.googleapis.com [none]
[debug] [2022-08-04T22:31:13.985Z] >>> [apiv2][query] GET https://serviceusage.googleapis.com/v1/projects/metodista-842fa/services/runtimeconfig.googleapis.com [none]
[debug] [2022-08-04T22:31:13.986Z] >>> [apiv2][query] GET https://serviceusage.googleapis.com/v1/projects/metodista-842fa/services/cloudbuild.googleapis.com [none]
[debug] [2022-08-04T22:31:13.987Z] >>> [apiv2][query] GET https://serviceusage.googleapis.com/v1/projects/metodista-842fa/services/artifactregistry.googleapis.com [none]
[debug] [2022-08-04T22:31:15.102Z] <<< [apiv2][status] GET https://serviceusage.googleapis.com/v1/projects/metodista-842fa/services/runtimeconfig.googleapis.com 200
[debug] [2022-08-04T22:31:15.102Z] <<< [apiv2][body] GET https://serviceusage.googleapis.com/v1/projects/metodista-842fa/services/runtimeconfig.googleapis.com [omitted]
[debug] [2022-08-04T22:31:15.103Z] <<< [apiv2][status] GET https://serviceusage.googleapis.com/v1/projects/metodista-842fa/services/cloudfunctions.googleapis.com 200
[debug] [2022-08-04T22:31:15.103Z] <<< [apiv2][body] GET https://serviceusage.googleapis.com/v1/projects/metodista-842fa/services/cloudfunctions.googleapis.com [omitted]
[info] ✔  functions: required API cloudfunctions.googleapis.com is enabled 
[debug] [2022-08-04T22:31:15.105Z] <<< [apiv2][status] GET https://serviceusage.googleapis.com/v1/projects/metodista-842fa/services/cloudbuild.googleapis.com 200
[debug] [2022-08-04T22:31:15.106Z] <<< [apiv2][body] GET https://serviceusage.googleapis.com/v1/projects/metodista-842fa/services/cloudbuild.googleapis.com [omitted]
[info] ✔  functions: required API cloudbuild.googleapis.com is enabled 
[debug] [2022-08-04T22:31:15.134Z] <<< [apiv2][status] GET https://serviceusage.googleapis.com/v1/projects/metodista-842fa/services/artifactregistry.googleapis.com 200
[debug] [2022-08-04T22:31:15.134Z] <<< [apiv2][body] GET https://serviceusage.googleapis.com/v1/projects/metodista-842fa/services/artifactregistry.googleapis.com [omitted]
[debug] [2022-08-04T22:31:15.134Z] >>> [apiv2][query] GET https://firebase.googleapis.com/v1beta1/projects/metodista-842fa/adminSdkConfig [none]
[debug] [2022-08-04T22:31:16.343Z] <<< [apiv2][status] GET https://firebase.googleapis.com/v1beta1/projects/metodista-842fa/adminSdkConfig 200
[debug] [2022-08-04T22:31:16.343Z] <<< [apiv2][body] GET https://firebase.googleapis.com/v1beta1/projects/metodista-842fa/adminSdkConfig {"projectId":"metodista-842fa","storageBucket":"metodista-842fa.appspot.com","locationId":"us-central"}
[debug] [2022-08-04T22:31:16.344Z] >>> [apiv2][query] GET https://runtimeconfig.googleapis.com/v1beta1/projects/metodista-842fa/configs [none]
[debug] [2022-08-04T22:31:17.262Z] <<< [apiv2][status] GET https://runtimeconfig.googleapis.com/v1beta1/projects/metodista-842fa/configs 200
[debug] [2022-08-04T22:31:17.262Z] <<< [apiv2][body] GET https://runtimeconfig.googleapis.com/v1beta1/projects/metodista-842fa/configs {}
[info] i  functions: preparing codebase default for deployment 
[debug] [2022-08-04T22:31:17.265Z] Validating nodejs source
[warn] ⚠  functions: package.json indicates an outdated version of firebase-functions. Please upgrade using npm install --save firebase-functions@latest in your functions directory. 
[debug] [2022-08-04T22:31:17.932Z] > [functions] package.json contents: {
  "name": "functions",
  "description": "Cloud Functions for Firebase",
  "scripts": {
    "serve": "firebase emulators:start --only functions",
    "shell": "firebase functions:shell",
    "start": "npm run shell",
    "deploy": "firebase deploy --only functions",
    "logs": "firebase functions:log"
  },
  "engines": {
    "node": "16"
  },
  "main": "index.js",
  "dependencies": {
    "firebase-admin": "^10.0.2",
    "firebase-functions": "^3.18.0"
  },
  "devDependencies": {
    "firebase-functions-test": "^0.2.0"
  },
  "private": true
}
[debug] [2022-08-04T22:31:17.932Z] Building nodejs source
[debug] [2022-08-04T22:31:17.932Z] Analyzing nodejs backend spec
[info] i  functions: preparing functions directory for uploading... 
[info] i  functions: packaged /Users/quellenrodrigues/Documents/Metodista/metodistaapp/functions (55.71 KB) for uploading 
[debug] [2022-08-04T22:31:18.071Z] >>> [apiv2][query] GET https://cloudfunctions.googleapis.com/v1/projects/metodista-842fa/locations/-/functions [none]
[debug] [2022-08-04T22:31:19.310Z] <<< [apiv2][status] GET https://cloudfunctions.googleapis.com/v1/projects/metodista-842fa/locations/-/functions 200
[debug] [2022-08-04T22:31:19.310Z] <<< [apiv2][body] GET https://cloudfunctions.googleapis.com/v1/projects/metodista-842fa/locations/-/functions {"functions":[{"name":"projects/metodista-842fa/locations/us-central1/functions/atividade","httpsTrigger":{"url":"https://us-central1-metodista-842fa.cloudfunctions.net/atividade","securityLevel":"SECURE_ALWAYS"},"status":"ACTIVE","entryPoint":"atividade","timeout":"60s","availableMemoryMb":256,"serviceAccountEmail":"metodista-842fa@appspot.gserviceaccount.com","updateTime":"2022-08-04T12:19:35.835Z","versionId":"4","labels":{"deployment-tool":"cli-firebase"},"sourceUploadUrl":"https://storage.googleapis.com/uploads-820567840678.us-central1.cloudfunctions.appspot.com/cd38fc78-9fb8-4c32-b962-e316e3c67325.zip","environmentVariables":{"FIREBASE_CONFIG":"{\"projectId\":\"metodista-842fa\",\"storageBucket\":\"metodista-842fa.appspot.com\",\"locationId\":\"us-central\"}","GCLOUD_PROJECT":"metodista-842fa"},"runtime":"nodejs16","ingressSettings":"ALLOW_ALL","buildId":"27b5abf4-12d5-4088-9390-a6fbcaef2cdb","buildName":"projects/274659330068/locations/us-central1/builds/27b5abf4-12d5-4088-9390-a6fbcaef2cdb","dockerRegistry":"CONTAINER_REGISTRY"},{"name":"projects/metodista-842fa/locations/us-central1/functions/bilhetes","httpsTrigger":{"url":"https://us-central1-metodista-842fa.cloudfunctions.net/bilhetes","securityLevel":"SECURE_ALWAYS"},"status":"ACTIVE","entryPoint":"bilhetes","timeout":"60s","availableMemoryMb":256,"serviceAccountEmail":"metodista-842fa@appspot.gserviceaccount.com","updateTime":"2022-08-04T12:19:38.756Z","versionId":"4","labels":{"deployment-tool":"cli-firebase"},"sourceUploadUrl":"https://storage.googleapis.com/uploads-820567840678.us-central1.cloudfunctions.appspot.com/cd38fc78-9fb8-4c32-b962-e316e3c67325.zip","environmentVariables":{"FIREBASE_CONFIG":"{\"projectId\":\"metodista-842fa\",\"storageBucket\":\"metodista-842fa.appspot.com\",\"locationId\":\"us-central\"}","GCLOUD_PROJECT":"metodista-842fa"},"runtime":"nodejs16","ingressSettings":"ALLOW_ALL","buildId":"27b5abf4-12d5-4088-9390-a6fbcaef2cdb","buildName":"projects/274659330068/locations/us-central1/builds/27b5abf4-12d5-4088-9390-a6fbcaef2cdb","dockerRegistry":"CONTAINER_REGISTRY"},{"name":"projects/metodista-842fa/locations/us-central1/functions/boletim","httpsTrigger":{"url":"https://us-central1-metodista-842fa.cloudfunctions.net/boletim","securityLevel":"SECURE_ALWAYS"},"status":"ACTIVE","entryPoint":"boletim","timeout":"60s","availableMemoryMb":256,"serviceAccountEmail":"metodista-842fa@appspot.gserviceaccount.com","updateTime":"2022-08-04T12:19:36.456Z","versionId":"4","labels":{"deployment-tool":"cli-firebase"},"sourceUploadUrl":"https://storage.googleapis.com/uploads-820567840678.us-central1.cloudfunctions.appspot.com/cd38fc78-9fb8-4c32-b962-e316e3c67325.zip","environmentVariables":{"FIREBASE_CONFIG":"{\"projectId\":\"metodista-842fa\",\"storageBucket\":\"metodista-842fa.appspot.com\",\"locationId\":\"us-central\"}","GCLOUD_PROJECT":"metodista-842fa"},"runtime":"nodejs16","ingressSettings":"ALLOW_ALL","buildId":"27b5abf4-12d5-4088-9390-a6fbcaef2cdb","buildName":"projects/274659330068/locations/us-central1/builds/27b5abf4-12d5-4088-9390-a6fbcaef2cdb","dockerRegistry":"CONTAINER_REGISTRY"},{"name":"projects/metodista-842fa/locations/us-central1/functions/boletimupdate","httpsTrigger":{"url":"https://us-central1-metodista-842fa.cloudfunctions.net/boletimupdate","securityLevel":"SECURE_ALWAYS"},"status":"ACTIVE","entryPoint":"boletimupdate","timeout":"60s","availableMemoryMb":256,"serviceAccountEmail":"metodista-842fa@appspot.gserviceaccount.com","updateTime":"2022-08-04T12:19:35.237Z","versionId":"4","labels":{"deployment-tool":"cli-firebase"},"sourceUploadUrl":"https://storage.googleapis.com/uploads-820567840678.us-central1.cloudfunctions.appspot.com/cd38fc78-9fb8-4c32-b962-e316e3c67325.zip","environmentVariables":{"FIREBASE_CONFIG":"{\"projectId\":\"metodista-842fa\",\"storageBucket\":\"metodista-842fa.appspot.com\",\"locationId\":\"us-central\"}","GCLOUD_PROJECT":"metodista-842fa"},"runtime":"nodejs16","ingressSettings":"ALLOW_ALL","buildId":"27b5abf4-12d5-4088-9390-a6fbcaef2cdb","buildName":"projects/274659330068/locations/us-central1/builds/27b5abf4-12d5-4088-9390-a6fbcaef2cdb","dockerRegistry":"CONTAINER_REGISTRY"},{"name":"projects/metodista-842fa/locations/us-central1/functions/devocional","httpsTrigger":{"url":"https://us-central1-metodista-842fa.cloudfunctions.net/devocional","securityLevel":"SECURE_ALWAYS"},"status":"ACTIVE","entryPoint":"devocional","timeout":"60s","availableMemoryMb":256,"serviceAccountEmail":"metodista-842fa@appspot.gserviceaccount.com","updateTime":"2022-08-04T12:19:33.183Z","versionId":"4","labels":{"deployment-tool":"cli-firebase"},"sourceUploadUrl":"https://storage.googleapis.com/uploads-820567840678.us-central1.cloudfunctions.appspot.com/cd38fc78-9fb8-4c32-b962-e316e3c67325.zip","environmentVariables":{"FIREBASE_CONFIG":"{\"projectId\":\"metodista-842fa\",\"storageBucket\":\"metodista-842fa.appspot.com\",\"locationId\":\"us-central\"}","GCLOUD_PROJECT":"metodista-842fa"},"runtime":"nodejs16","ingressSettings":"ALLOW_ALL","buildId":"27b5abf4-12d5-4088-9390-a6fbcaef2cdb","buildName":"projects/274659330068/locations/us-central1/builds/27b5abf4-12d5-4088-9390-a6fbcaef2cdb","dockerRegistry":"CONTAINER_REGISTRY"},{"name":"projects/metodista-842fa/locations/us-central1/functions/documento","httpsTrigger":{"url":"https://us-central1-metodista-842fa.cloudfunctions.net/documento","securityLevel":"SECURE_ALWAYS"},"status":"ACTIVE","entryPoint":"documento","timeout":"60s","availableMemoryMb":256,"serviceAccountEmail":"metodista-842fa@appspot.gserviceaccount.com","updateTime":"2022-08-04T12:19:33.507Z","versionId":"4","labels":{"deployment-tool":"cli-firebase"},"sourceUploadUrl":"https://storage.googleapis.com/uploads-820567840678.us-central1.cloudfunctions.appspot.com/cd38fc78-9fb8-4c32-b962-e316e3c67325.zip","environmentVariables":{"FIREBASE_CONFIG":"{\"projectId\":\"metodista-842fa\",\"storageBucket\":\"metodista-842fa.appspot.com\",\"locationId\":\"us-central\"}","GCLOUD_PROJECT":"metodista-842fa"},"runtime":"nodejs16","ingressSettings":"ALLOW_ALL","buildId":"27b5abf4-12d5-4088-9390-a6fbcaef2cdb","buildName":"projects/274659330068/locations/us-central1/builds/27b5abf4-12d5-4088-9390-a6fbcaef2cdb","dockerRegistry":"CONTAINER_REGISTRY"},{"name":"projects/metodista-842fa/locations/us-central1/functions/documentos","httpsTrigger":{"url":"https://us-central1-metodista-842fa.cloudfunctions.net/documentos","securityLevel":"SECURE_ALWAYS"},"status":"ACTIVE","entryPoint":"documentos","timeout":"60s","availableMemoryMb":256,"serviceAccountEmail":"metodista-842fa@appspot.gserviceaccount.com","updateTime":"2022-08-04T12:19:35.407Z","versionId":"4","labels":{"deployment-tool":"cli-firebase"},"sourceUploadUrl":"https://storage.googleapis.com/uploads-820567840678.us-central1.cloudfunctions.appspot.com/cd38fc78-9fb8-4c32-b962-e316e3c67325.zip","environmentVariables":{"FIREBASE_CONFIG":"{\"projectId\":\"metodista-842fa\",\"storageBucket\":\"metodista-842fa.appspot.com\",\"locationId\":\"us-central\"}","GCLOUD_PROJECT":"metodista-842fa"},"runtime":"nodejs16","ingressSettings":"ALLOW_ALL","buildId":"27b5abf4-12d5-4088-9390-a6fbcaef2cdb","buildName":"projects/274659330068/locations/us-central1/builds/27b5abf4-12d5-4088-9390-a6fbcaef2cdb","dockerRegistry":"CONTAINER_REGISTRY"},{"name":"projects/metodista-842fa/locations/us-central1/functions/escalas","httpsTrigger":{"url":"https://us-central1-metodista-842fa.cloudfunctions.net/escalas","securityLevel":"SECURE_ALWAYS"},"status":"ACTIVE","entryPoint":"escalas","timeout":"60s","availableMemoryMb":256,"serviceAccountEmail":"metodista-842fa@appspot.gserviceaccount.com","updateTime":"2022-08-04T12:19:36.545Z","versionId":"4","labels":{"deployment-tool":"cli-firebase"},"sourceUploadUrl":"https://storage.googleapis.com/uploads-820567840678.us-central1.cloudfunctions.appspot.com/cd38fc78-9fb8-4c32-b962-e316e3c67325.zip","environmentVariables":{"FIREBASE_CONFIG":"{\"projectId\":\"metodista-842fa\",\"storageBucket\":\"metodista-842fa.appspot.com\",\"locationId\":\"us-central\"}","GCLOUD_PROJECT":"metodista-842fa"},"runtime":"nodejs16","ingressSettings":"ALLOW_ALL","buildId":"27b5abf4-12d5-4088-9390-a6fbcaef2cdb","buildName":"projects/274659330068/locations/us-central1/builds/27b5abf4-12d5-4088-9390-a6fbcaef2cdb","dockerRegistry":"CONTAINER_REGISTRY"},{"name":"projects/metodista-842fa/locations/us-central1/functions/oracao","httpsTrigger":{"url":"https://us-central1-metodista-842fa.cloudfunctions.net/oracao","securityLevel":"SECURE_ALWAYS"},"status":"ACTIVE","entryPoint":"oracao","timeout":"60s","availableMemoryMb":256,"serviceAccountEmail":"metodista-842fa@appspot.gserviceaccount.com","updateTime":"2022-08-04T12:19:36.069Z","versionId":"4","labels":{"deployment-tool":"cli-firebase"},"sourceUploadUrl":"https://storage.googleapis.com/uploads-820567840678.us-central1.cloudfunctions.appspot.com/cd38fc78-9fb8-4c32-b962-e316e3c67325.zip","environmentVariables":{"FIREBASE_CONFIG":"{\"projectId\":\"metodista-842fa\",\"storageBucket\":\"metodista-842fa.appspot.com\",\"locationId\":\"us-central\"}","GCLOUD_PROJECT":"metodista-842fa"},"runtime":"nodejs16","ingressSettings":"ALLOW_ALL","buildId":"27b5abf4-12d5-4088-9390-a6fbcaef2cdb","buildName":"projects/274659330068/locations/us-central1/builds/27b5abf4-12d5-4088-9390-a6fbcaef2cdb","dockerRegistry":"CONTAINER_REGISTRY"},{"name":"projects/metodista-842fa/locations/us-central1/functions/presenca","httpsTrigger":{"url":"https://us-central1-metodista-842fa.cloudfunctions.net/presenca","securityLevel":"SECURE_ALWAYS"},"status":"ACTIVE","entryPoint":"presenca","timeout":"60s","availableMemoryMb":256,"serviceAccountEmail":"metodista-842fa@appspot.gserviceaccount.com","updateTime":"2022-08-04T12:19:35.866Z","versionId":"4","labels":{"deployment-tool":"cli-firebase"},"sourceUploadUrl":"https://storage.googleapis.com/uploads-820567840678.us-central1.cloudfunctions.appspot.com/cd38fc78-9fb8-4c32-b962-e316e3c67325.zip","environmentVariables":{"FIREBASE_CONFIG":"{\"projectId\":\"metodista-842fa\",\"storageBucket\":\"metodista-842fa.appspot.com\",\"locationId\":\"us-central\"}","GCLOUD_PROJECT":"metodista-842fa"},"runtime":"nodejs16","ingressSettings":"ALLOW_ALL","buildId":"27b5abf4-12d5-4088-9390-a6fbcaef2cdb","buildName":"projects/274659330068/locations/us-central1/builds/27b5abf4-12d5-4088-9390-a6fbcaef2cdb","dockerRegistry":"CONTAINER_REGISTRY"},{"name":"projects/metodista-842fa/locations/us-central1/functions/presencadelete","httpsTrigger":{"url":"https://us-central1-metodista-842fa.cloudfunctions.net/presencadelete","securityLevel":"SECURE_ALWAYS"},"status":"ACTIVE","entryPoint":"presencadelete","timeout":"60s","availableMemoryMb":256,"serviceAccountEmail":"metodista-842fa@appspot.gserviceaccount.com","updateTime":"2022-08-04T12:19:58.956Z","versionId":"4","labels":{"deployment-tool":"cli-firebase"},"sourceUploadUrl":"https://storage.googleapis.com/uploads-820567840678.us-central1.cloudfunctions.appspot.com/cd38fc78-9fb8-4c32-b962-e316e3c67325.zip","environmentVariables":{"FIREBASE_CONFIG":"{\"projectId\":\"metodista-842fa\",\"storageBucket\":\"metodista-842fa.appspot.com\",\"locationId\":\"us-central\"}","GCLOUD_PROJECT":"metodista-842fa"},"runtime":"nodejs16","ingressSettings":"ALLOW_ALL","buildId":"27b5abf4-12d5-4088-9390-a6fbcaef2cdb","buildName":"projects/274659330068/locations/us-central1/builds/27b5abf4-12d5-4088-9390-a6fbcaef2cdb","dockerRegistry":"CONTAINER_REGISTRY"},{"name":"projects/metodista-842fa/locations/us-central1/functions/presencaget","httpsTrigger":{"url":"https://us-central1-metodista-842fa.cloudfunctions.net/presencaget","securityLevel":"SECURE_ALWAYS"},"status":"ACTIVE","entryPoint":"presencaget","timeout":"60s","availableMemoryMb":256,"serviceAccountEmail":"metodista-842fa@appspot.gserviceaccount.com","updateTime":"2022-08-04T12:19:36.052Z","versionId":"4","labels":{"deployment-tool":"cli-firebase"},"sourceUploadUrl":"https://storage.googleapis.com/uploads-820567840678.us-central1.cloudfunctions.appspot.com/cd38fc78-9fb8-4c32-b962-e316e3c67325.zip","environmentVariables":{"FIREBASE_CONFIG":"{\"projectId\":\"metodista-842fa\",\"storageBucket\":\"metodista-842fa.appspot.com\",\"locationId\":\"us-central\"}","GCLOUD_PROJECT":"metodista-842fa"},"runtime":"nodejs16","ingressSettings":"ALLOW_ALL","buildId":"27b5abf4-12d5-4088-9390-a6fbcaef2cdb","buildName":"projects/274659330068/locations/us-central1/builds/27b5abf4-12d5-4088-9390-a6fbcaef2cdb","dockerRegistry":"CONTAINER_REGISTRY"},{"name":"projects/metodista-842fa/locations/us-central1/functions/testemunho","httpsTrigger":{"url":"https://us-central1-metodista-842fa.cloudfunctions.net/testemunho","securityLevel":"SECURE_ALWAYS"},"status":"ACTIVE","entryPoint":"testemunho","timeout":"60s","availableMemoryMb":256,"serviceAccountEmail":"metodista-842fa@appspot.gserviceaccount.com","updateTime":"2022-08-04T12:19:29.870Z","versionId":"4","labels":{"deployment-tool":"cli-firebase"},"sourceUploadUrl":"https://storage.googleapis.com/uploads-820567840678.us-central1.cloudfunctions.appspot.com/cd38fc78-9fb8-4c32-b962-e316e3c67325.zip","environmentVariables":{"FIREBASE_CONFIG":"{\"projectId\":\"metodista-842fa\",\"storageBucket\":\"metodista-842fa.appspot.com\",\"locationId\":\"us-central\"}","GCLOUD_PROJECT":"metodista-842fa"},"runtime":"nodejs16","ingressSettings":"ALLOW_ALL","buildId":"27b5abf4-12d5-4088-9390-a6fbcaef2cdb","buildName":"projects/274659330068/locations/us-central1/builds/27b5abf4-12d5-4088-9390-a6fbcaef2cdb","dockerRegistry":"CONTAINER_REGISTRY"},{"name":"projects/metodista-842fa/locations/us-central1/functions/token","httpsTrigger":{"url":"https://us-central1-metodista-842fa.cloudfunctions.net/token","securityLevel":"SECURE_ALWAYS"},"status":"ACTIVE","entryPoint":"token","timeout":"60s","availableMemoryMb":256,"serviceAccountEmail":"metodista-842fa@appspot.gserviceaccount.com","updateTime":"2022-08-04T12:19:33.471Z","versionId":"2","labels":{"deployment-tool":"cli-firebase"},"sourceUploadUrl":"https://storage.googleapis.com/uploads-820567840678.us-central1.cloudfunctions.appspot.com/cd38fc78-9fb8-4c32-b962-e316e3c67325.zip","environmentVariables":{"FIREBASE_CONFIG":"{\"projectId\":\"metodista-842fa\",\"storageBucket\":\"metodista-842fa.appspot.com\",\"locationId\":\"us-central\"}","GCLOUD_PROJECT":"metodista-842fa"},"runtime":"nodejs16","ingressSettings":"ALLOW_ALL","buildId":"27b5abf4-12d5-4088-9390-a6fbcaef2cdb","buildName":"projects/274659330068/locations/us-central1/builds/27b5abf4-12d5-4088-9390-a6fbcaef2cdb","dockerRegistry":"CONTAINER_REGISTRY"},{"name":"projects/metodista-842fa/locations/us-central1/functions/usuarios","httpsTrigger":{"url":"https://us-central1-metodista-842fa.cloudfunctions.net/usuarios","securityLevel":"SECURE_ALWAYS"},"status":"ACTIVE","entryPoint":"usuarios","timeout":"60s","availableMemoryMb":256,"serviceAccountEmail":"metodista-842fa@appspot.gserviceaccount.com","updateTime":"2022-08-04T12:19:35.773Z","versionId":"4","labels":{"deployment-tool":"cli-firebase"},"sourceUploadUrl":"https://storage.googleapis.com/uploads-820567840678.us-central1.cloudfunctions.appspot.com/cd38fc78-9fb8-4c32-b962-e316e3c67325.zip","environmentVariables":{"FIREBASE_CONFIG":"{\"projectId\":\"metodista-842fa\",\"storageBucket\":\"metodista-842fa.appspot.com\",\"locationId\":\"us-central\"}","GCLOUD_PROJECT":"metodista-842fa"},"runtime":"nodejs16","ingressSettings":"ALLOW_ALL","buildId":"27b5abf4-12d5-4088-9390-a6fbcaef2cdb","buildName":"projects/274659330068/locations/us-central1/builds/27b5abf4-12d5-4088-9390-a6fbcaef2cdb","dockerRegistry":"CONTAINER_REGISTRY"}]}
[debug] [2022-08-04T22:31:19.317Z] >>> [apiv2][query] GET https://firebase.googleapis.com/v1beta1/projects/metodista-842fa [none]
[debug] [2022-08-04T22:31:20.545Z] <<< [apiv2][status] GET https://firebase.googleapis.com/v1beta1/projects/metodista-842fa 200
[debug] [2022-08-04T22:31:20.546Z] <<< [apiv2][body] GET https://firebase.googleapis.com/v1beta1/projects/metodista-842fa {"projectId":"metodista-842fa","projectNumber":"274659330068","displayName":"Metodista","name":"projects/metodista-842fa","resources":{"hostingSite":"metodista-842fa","storageBucket":"metodista-842fa.appspot.com","locationId":"us-central"},"state":"ACTIVE","etag":"1_a6df6a3e-df7e-4c1b-a82c-2c2ca92c5313"}
[debug] [2022-08-04T22:31:20.546Z] >>> [apiv2][query] GET https://firebase.googleapis.com/v1beta1/projects/metodista-842fa [none]
[debug] [2022-08-04T22:31:21.667Z] <<< [apiv2][status] GET https://firebase.googleapis.com/v1beta1/projects/metodista-842fa 200
[debug] [2022-08-04T22:31:21.668Z] <<< [apiv2][body] GET https://firebase.googleapis.com/v1beta1/projects/metodista-842fa {"projectId":"metodista-842fa","projectNumber":"274659330068","displayName":"Metodista","name":"projects/metodista-842fa","resources":{"hostingSite":"metodista-842fa","storageBucket":"metodista-842fa.appspot.com","locationId":"us-central"},"state":"ACTIVE","etag":"1_a6df6a3e-df7e-4c1b-a82c-2c2ca92c5313"}
[debug] [2022-08-04T22:31:21.668Z] >>> [apiv2][query] GET https://firebase.googleapis.com/v1beta1/projects/metodista-842fa [none]
[debug] [2022-08-04T22:31:22.791Z] <<< [apiv2][status] GET https://firebase.googleapis.com/v1beta1/projects/metodista-842fa 200
[debug] [2022-08-04T22:31:22.792Z] <<< [apiv2][body] GET https://firebase.googleapis.com/v1beta1/projects/metodista-842fa {"projectId":"metodista-842fa","projectNumber":"274659330068","displayName":"Metodista","name":"projects/metodista-842fa","resources":{"hostingSite":"metodista-842fa","storageBucket":"metodista-842fa.appspot.com","locationId":"us-central"},"state":"ACTIVE","etag":"1_a6df6a3e-df7e-4c1b-a82c-2c2ca92c5313"}
[debug] [2022-08-04T22:31:22.792Z] >>> [apiv2][query] GET https://firebase.googleapis.com/v1beta1/projects/metodista-842fa [none]
[debug] [2022-08-04T22:31:23.304Z] <<< [apiv2][status] GET https://firebase.googleapis.com/v1beta1/projects/metodista-842fa 200
[debug] [2022-08-04T22:31:23.304Z] <<< [apiv2][body] GET https://firebase.googleapis.com/v1beta1/projects/metodista-842fa {"projectId":"metodista-842fa","projectNumber":"274659330068","displayName":"Metodista","name":"projects/metodista-842fa","resources":{"hostingSite":"metodista-842fa","storageBucket":"metodista-842fa.appspot.com","locationId":"us-central"},"state":"ACTIVE","etag":"1_a6df6a3e-df7e-4c1b-a82c-2c2ca92c5313"}
[debug] [2022-08-04T22:31:23.304Z] >>> [apiv2][query] GET https://firebase.googleapis.com/v1beta1/projects/metodista-842fa [none]
[debug] [2022-08-04T22:31:23.749Z] <<< [apiv2][status] GET https://firebase.googleapis.com/v1beta1/projects/metodista-842fa 200
[debug] [2022-08-04T22:31:23.749Z] <<< [apiv2][body] GET https://firebase.googleapis.com/v1beta1/projects/metodista-842fa {"projectId":"metodista-842fa","projectNumber":"274659330068","displayName":"Metodista","name":"projects/metodista-842fa","resources":{"hostingSite":"metodista-842fa","storageBucket":"metodista-842fa.appspot.com","locationId":"us-central"},"state":"ACTIVE","etag":"1_a6df6a3e-df7e-4c1b-a82c-2c2ca92c5313"}
[debug] [2022-08-04T22:31:23.749Z] >>> [apiv2][query] GET https://firebase.googleapis.com/v1beta1/projects/metodista-842fa [none]
[debug] [2022-08-04T22:31:24.944Z] <<< [apiv2][status] GET https://firebase.googleapis.com/v1beta1/projects/metodista-842fa 200
[debug] [2022-08-04T22:31:24.944Z] <<< [apiv2][body] GET https://firebase.googleapis.com/v1beta1/projects/metodista-842fa {"projectId":"metodista-842fa","projectNumber":"274659330068","displayName":"Metodista","name":"projects/metodista-842fa","resources":{"hostingSite":"metodista-842fa","storageBucket":"metodista-842fa.appspot.com","locationId":"us-central"},"state":"ACTIVE","etag":"1_a6df6a3e-df7e-4c1b-a82c-2c2ca92c5313"}
[debug] [2022-08-04T22:31:24.945Z] >>> [apiv2][query] GET https://firebase.googleapis.com/v1beta1/projects/metodista-842fa [none]
[debug] [2022-08-04T22:31:25.455Z] <<< [apiv2][status] GET https://firebase.googleapis.com/v1beta1/projects/metodista-842fa 200
[debug] [2022-08-04T22:31:25.456Z] <<< [apiv2][body] GET https://firebase.googleapis.com/v1beta1/projects/metodista-842fa {"projectId":"metodista-842fa","projectNumber":"274659330068","displayName":"Metodista","name":"projects/metodista-842fa","resources":{"hostingSite":"metodista-842fa","storageBucket":"metodista-842fa.appspot.com","locationId":"us-central"},"state":"ACTIVE","etag":"1_a6df6a3e-df7e-4c1b-a82c-2c2ca92c5313"}
[debug] [2022-08-04T22:31:25.456Z] >>> [apiv2][query] GET https://firebase.googleapis.com/v1beta1/projects/metodista-842fa [none]
[debug] [2022-08-04T22:31:25.965Z] <<< [apiv2][status] GET https://firebase.googleapis.com/v1beta1/projects/metodista-842fa 200
[debug] [2022-08-04T22:31:25.965Z] <<< [apiv2][body] GET https://firebase.googleapis.com/v1beta1/projects/metodista-842fa {"projectId":"metodista-842fa","projectNumber":"274659330068","displayName":"Metodista","name":"projects/metodista-842fa","resources":{"hostingSite":"metodista-842fa","storageBucket":"metodista-842fa.appspot.com","locationId":"us-central"},"state":"ACTIVE","etag":"1_a6df6a3e-df7e-4c1b-a82c-2c2ca92c5313"}
[debug] [2022-08-04T22:31:25.966Z] >>> [apiv2][query] GET https://firebase.googleapis.com/v1beta1/projects/metodista-842fa [none]
[debug] [2022-08-04T22:31:27.093Z] <<< [apiv2][status] GET https://firebase.googleapis.com/v1beta1/projects/metodista-842fa 200
[debug] [2022-08-04T22:31:27.093Z] <<< [apiv2][body] GET https://firebase.googleapis.com/v1beta1/projects/metodista-842fa {"projectId":"metodista-842fa","projectNumber":"274659330068","displayName":"Metodista","name":"projects/metodista-842fa","resources":{"hostingSite":"metodista-842fa","storageBucket":"metodista-842fa.appspot.com","locationId":"us-central"},"state":"ACTIVE","etag":"1_a6df6a3e-df7e-4c1b-a82c-2c2ca92c5313"}
[debug] [2022-08-04T22:31:27.094Z] >>> [apiv2][query] GET https://firebase.googleapis.com/v1beta1/projects/metodista-842fa [none]
[debug] [2022-08-04T22:31:28.219Z] <<< [apiv2][status] GET https://firebase.googleapis.com/v1beta1/projects/metodista-842fa 200
[debug] [2022-08-04T22:31:28.219Z] <<< [apiv2][body] GET https://firebase.googleapis.com/v1beta1/projects/metodista-842fa {"projectId":"metodista-842fa","projectNumber":"274659330068","displayName":"Metodista","name":"projects/metodista-842fa","resources":{"hostingSite":"metodista-842fa","storageBucket":"metodista-842fa.appspot.com","locationId":"us-central"},"state":"ACTIVE","etag":"1_a6df6a3e-df7e-4c1b-a82c-2c2ca92c5313"}
[debug] [2022-08-04T22:31:28.219Z] >>> [apiv2][query] GET https://firebase.googleapis.com/v1beta1/projects/metodista-842fa [none]
[debug] [2022-08-04T22:31:28.729Z] <<< [apiv2][status] GET https://firebase.googleapis.com/v1beta1/projects/metodista-842fa 200
[debug] [2022-08-04T22:31:28.729Z] <<< [apiv2][body] GET https://firebase.googleapis.com/v1beta1/projects/metodista-842fa {"projectId":"metodista-842fa","projectNumber":"274659330068","displayName":"Metodista","name":"projects/metodista-842fa","resources":{"hostingSite":"metodista-842fa","storageBucket":"metodista-842fa.appspot.com","locationId":"us-central"},"state":"ACTIVE","etag":"1_a6df6a3e-df7e-4c1b-a82c-2c2ca92c5313"}
[debug] [2022-08-04T22:31:28.730Z] >>> [apiv2][query] GET https://firebase.googleapis.com/v1beta1/projects/metodista-842fa [none]
[debug] [2022-08-04T22:31:29.844Z] <<< [apiv2][status] GET https://firebase.googleapis.com/v1beta1/projects/metodista-842fa 200
[debug] [2022-08-04T22:31:29.845Z] <<< [apiv2][body] GET https://firebase.googleapis.com/v1beta1/projects/metodista-842fa {"projectId":"metodista-842fa","projectNumber":"274659330068","displayName":"Metodista","name":"projects/metodista-842fa","resources":{"hostingSite":"metodista-842fa","storageBucket":"metodista-842fa.appspot.com","locationId":"us-central"},"state":"ACTIVE","etag":"1_a6df6a3e-df7e-4c1b-a82c-2c2ca92c5313"}
[debug] [2022-08-04T22:31:29.845Z] >>> [apiv2][query] GET https://firebase.googleapis.com/v1beta1/projects/metodista-842fa [none]
[debug] [2022-08-04T22:31:30.371Z] <<< [apiv2][status] GET https://firebase.googleapis.com/v1beta1/projects/metodista-842fa 200
[debug] [2022-08-04T22:31:30.371Z] <<< [apiv2][body] GET https://firebase.googleapis.com/v1beta1/projects/metodista-842fa {"projectId":"metodista-842fa","projectNumber":"274659330068","displayName":"Metodista","name":"projects/metodista-842fa","resources":{"hostingSite":"metodista-842fa","storageBucket":"metodista-842fa.appspot.com","locationId":"us-central"},"state":"ACTIVE","etag":"1_a6df6a3e-df7e-4c1b-a82c-2c2ca92c5313"}
[debug] [2022-08-04T22:31:30.371Z] >>> [apiv2][query] GET https://firebase.googleapis.com/v1beta1/projects/metodista-842fa [none]
[debug] [2022-08-04T22:31:31.457Z] <<< [apiv2][status] GET https://firebase.googleapis.com/v1beta1/projects/metodista-842fa 200
[debug] [2022-08-04T22:31:31.457Z] <<< [apiv2][body] GET https://firebase.googleapis.com/v1beta1/projects/metodista-842fa {"projectId":"metodista-842fa","projectNumber":"274659330068","displayName":"Metodista","name":"projects/metodista-842fa","resources":{"hostingSite":"metodista-842fa","storageBucket":"metodista-842fa.appspot.com","locationId":"us-central"},"state":"ACTIVE","etag":"1_a6df6a3e-df7e-4c1b-a82c-2c2ca92c5313"}
[debug] [2022-08-04T22:31:31.457Z] >>> [apiv2][query] GET https://firebase.googleapis.com/v1beta1/projects/metodista-842fa [none]
[debug] [2022-08-04T22:31:32.554Z] <<< [apiv2][status] GET https://firebase.googleapis.com/v1beta1/projects/metodista-842fa 200
[debug] [2022-08-04T22:31:32.554Z] <<< [apiv2][body] GET https://firebase.googleapis.com/v1beta1/projects/metodista-842fa {"projectId":"metodista-842fa","projectNumber":"274659330068","displayName":"Metodista","name":"projects/metodista-842fa","resources":{"hostingSite":"metodista-842fa","storageBucket":"metodista-842fa.appspot.com","locationId":"us-central"},"state":"ACTIVE","etag":"1_a6df6a3e-df7e-4c1b-a82c-2c2ca92c5313"}
[debug] [2022-08-04T22:31:32.557Z] >>> [apiv2][query] POST https://cloudfunctions.googleapis.com/v1/projects/metodista-842fa/locations/us-central1/functions:generateUploadUrl [none]
[debug] [2022-08-04T22:31:32.557Z] >>> [apiv2][body] POST https://cloudfunctions.googleapis.com/v1/projects/metodista-842fa/locations/us-central1/functions:generateUploadUrl {}
